<?xml version="1.0" encoding="UTF-8" ?>
<testsuite errors="0" failures="1" hostname="PersonalM" name="SuiteTest" tests="38" time="0.578" timestamp="2008-12-08T22:12:41">
  <properties>
    <property name="java.vendor" value="Sun Microsystems Inc." />
    <property name="lib.dir" value="lib/" />
    <property name="sun.java.launcher" value="SUN_STANDARD" />
    <property name="eclipse.pdebuild.templates" value="/C:/Archivos de programa/eclipse/plugins/org.eclipse.pde.build_3.4.0.v20080604/templates/" />
    <property name="sun.management.compiler" value="HotSpot Client Compiler" />
    <property name="controlJuegoModelo.dir" value="controlDelJuego/modelo/" />
    <property name="os.name" value="Windows XP" />
    <property name="sun.boot.class.path" value="C:\Archivos de programa\Java\jdk1.6.0_11\jre\lib\resources.jar;C:\Archivos de programa\Java\jdk1.6.0_11\jre\lib\rt.jar;C:\Archivos de programa\Java\jdk1.6.0_11\jre\lib\sunrsasign.jar;C:\Archivos de programa\Java\jdk1.6.0_11\jre\lib\jsse.jar;C:\Archivos de programa\Java\jdk1.6.0_11\jre\lib\jce.jar;C:\Archivos de programa\Java\jdk1.6.0_11\jre\lib\charsets.jar;C:\Archivos de programa\Java\jdk1.6.0_11\jre\classes" />
    <property name="sun.desktop" value="windows" />
    <property name="java.vm.specification.vendor" value="Sun Microsystems Inc." />
    <property name="ant.home" value="C:\Archivos de programa\eclipse\plugins\org.apache.ant_1.7.0.v200803061910" />
    <property name="java.runtime.version" value="1.6.0_11-b03" />
    <property name="controlador.dir" value="src/controlador/" />
    <property name="user.name" value="Administrador" />
    <property name="ant.file.lospooglins" value="C:\Documents and Settings\Administrador\Escritorio\Nuevo Tp Algo3 29-11-08\lospooglins\build.xml" />
    <property name="build.dir" value="bin/" />
    <property name="user.language" value="es" />
    <property name="sun.boot.library.path" value="C:\Archivos de programa\Java\jdk1.6.0_11\jre\bin" />
    <property name="doc.dir" value="Documentacion" />
    <property name="ant.project.name" value="lospooglins" />
    <property name="java.version" value="1.6.0_11" />
    <property name="user.timezone" value="" />
    <property name="sun.arch.data.model" value="32" />
    <property name="java.endorsed.dirs" value="C:\Archivos de programa\Java\jdk1.6.0_11\jre\lib\endorsed" />
    <property name="sun.cpu.isalist" value="pentium_pro+mmx pentium_pro pentium+mmx pentium i486 i386 i86" />
    <property name="sun.jnu.encoding" value="Cp1252" />
    <property name="file.encoding.pkg" value="sun.io" />
    <property name="file.separator" value="\" />
    <property name="java.specification.name" value="Java Platform API Specification" />
    <property name="java.class.version" value="50.0" />
    <property name="user.country" value="AR" />
    <property name="java.home" value="C:\Archivos de programa\Java\jdk1.6.0_11\jre" />
    <property name="java.vm.info" value="mixed mode, sharing" />
    <property name="menu.dir" value="PruebasDelJuego/pruebaMenu/" />
    <property name="ant.file" value="C:\Documents and Settings\Administrador\Escritorio\Nuevo Tp Algo3 29-11-08\lospooglins\build.xml" />
    <property name="os.version" value="5.1" />
    <property name="dom4j.home" value="C:\Documents and Settings\Administrador\Escritorio\Nuevo Tp Algo3 29-11-08\lospooglins\lib\dom4j-1.6.1.jar" />
    <property name="path.separator" value=";" />
    <property name="java.vm.version" value="11.0-b16" />
    <property name="user.variant" value="" />
    <property name="ant.library.dir" value="C:\Archivos de programa\eclipse\plugins\org.apache.ant_1.7.0.v200803061910\lib" />
    <property name="java.awt.printerjob" value="sun.awt.windows.WPrinterJob" />
    <property name="sun.io.unicode.encoding" value="UnicodeLittle" />
    <property name="awt.toolkit" value="sun.awt.windows.WToolkit" />
    <property name="eclipse.pdebuild.scripts" value="/C:/Archivos de programa/eclipse/plugins/org.eclipse.pde.build_3.4.0.v20080604/scripts/" />
    <property name="user.home" value="C:\Documents and Settings\Administrador" />
    <property name="java.specification.vendor" value="Sun Microsystems Inc." />
    <property name="test.dir" value="test/" />
    <property name="java.library.path" value="C:\Archivos de programa\eclipse;.;C:\WINDOWS\Sun\Java\bin;C:\WINDOWS\system32;C:\WINDOWS;C:/Archivos de programa/Java/jdk1.6.0_11/bin/../jre/bin/client;C:/Archivos de programa/Java/jdk1.6.0_11/bin/../jre/bin;C:\WINDOWS\system32;C:\WINDOWS;C:\WINDOWS\System32\Wbem;C:\apache-ant-1.7.1\bin;C:\Archivos de programa\Java\jdk1.6.0_11\bin;C:\Archivos de programa\eclipse\configuration\org.eclipse.osgi\bundles\131\1\.cp" />
    <property name="java.vendor.url" value="http://java.sun.com/" />
    <property name="java.vm.vendor" value="Sun Microsystems Inc." />
    <property name="java.runtime.name" value="Java(TM) SE Runtime Environment" />
    <property name="java.class.path" value="C:\Archivos de programa\eclipse\plugins\org.apache.ant_1.7.0.v200803061910\lib\ant.jar;C:\Archivos de programa\eclipse\plugins\org.apache.ant_1.7.0.v200803061910\lib\ant-antlr.jar;C:\Archivos de programa\eclipse\plugins\org.apache.ant_1.7.0.v200803061910\lib\ant-apache-bcel.jar;C:\Archivos de programa\eclipse\plugins\org.apache.ant_1.7.0.v200803061910\lib\ant-apache-bsf.jar;C:\Archivos de programa\eclipse\plugins\org.apache.ant_1.7.0.v200803061910\lib\ant-apache-log4j.jar;C:\Archivos de programa\eclipse\plugins\org.apache.ant_1.7.0.v200803061910\lib\ant-apache-oro.jar;C:\Archivos de programa\eclipse\plugins\org.apache.ant_1.7.0.v200803061910\lib\ant-apache-regexp.jar;C:\Archivos de programa\eclipse\plugins\org.apache.ant_1.7.0.v200803061910\lib\ant-apache-resolver.jar;C:\Archivos de programa\eclipse\plugins\org.apache.ant_1.7.0.v200803061910\lib\ant-commons-logging.jar;C:\Archivos de programa\eclipse\plugins\org.apache.ant_1.7.0.v200803061910\lib\ant-commons-net.jar;C:\Archivos de programa\eclipse\plugins\org.apache.ant_1.7.0.v200803061910\lib\ant-jai.jar;C:\Archivos de programa\eclipse\plugins\org.apache.ant_1.7.0.v200803061910\lib\ant-javamail.jar;C:\Archivos de programa\eclipse\plugins\org.apache.ant_1.7.0.v200803061910\lib\ant-jdepend.jar;C:\Archivos de programa\eclipse\plugins\org.apache.ant_1.7.0.v200803061910\lib\ant-jmf.jar;C:\Archivos de programa\eclipse\plugins\org.apache.ant_1.7.0.v200803061910\lib\ant-jsch.jar;C:\Archivos de programa\eclipse\plugins\org.apache.ant_1.7.0.v200803061910\lib\ant-junit.jar;C:\Archivos de programa\eclipse\plugins\org.apache.ant_1.7.0.v200803061910\lib\ant-launcher.jar;C:\Archivos de programa\eclipse\plugins\org.apache.ant_1.7.0.v200803061910\lib\ant-netrexx.jar;C:\Archivos de programa\eclipse\plugins\org.apache.ant_1.7.0.v200803061910\lib\ant-nodeps.jar;C:\Archivos de programa\eclipse\plugins\org.apache.ant_1.7.0.v200803061910\lib\ant-starteam.jar;C:\Archivos de programa\eclipse\plugins\org.apache.ant_1.7.0.v200803061910\lib\ant-stylebook.jar;C:\Archivos de programa\eclipse\plugins\org.apache.ant_1.7.0.v200803061910\lib\ant-swing.jar;C:\Archivos de programa\eclipse\plugins\org.apache.ant_1.7.0.v200803061910\lib\ant-trax.jar;C:\Archivos de programa\eclipse\plugins\org.apache.ant_1.7.0.v200803061910\lib\ant-weblogic.jar;C:\Archivos de programa\eclipse\configuration\org.eclipse.osgi\bundles\13\1\.cp\lib\remoteAnt.jar;C:\Archivos de programa\Java\jdk1.6.0_11\lib\tools.jar;C:\Archivos de programa\eclipse\plugins\org.eclipse.swt.win32.win32.x86_3.4.0.v3448f.jar" />
    <property name="ant.version" value="Apache Ant version 1.7.0 compiled on December 13 2006" />
    <property name="app.name" value="lospooglins" />
    <property name="java.vm.specification.name" value="Java Virtual Machine Specification" />
    <property name="java.vm.specification.version" value="1.0" />
    <property name="modelo.dir" value="src/modelo/" />
    <property name="sun.cpu.endian" value="little" />
    <property name="sun.os.patch.level" value="Service Pack 3" />
    <property name="eclipse.pdebuild.home" value="/C:/Archivos de programa/eclipse/plugins/org.eclipse.pde.build_3.4.0.v20080604/./" />
    <property name="java.io.tmpdir" value="C:\DOCUME~1\ADMINI~1\CONFIG~1\Temp\" />
    <property name="java.vendor.url.bug" value="http://java.sun.com/cgi-bin/bugreport.cgi" />
    <property name="os.arch" value="x86" />
    <property name="java.awt.graphicsenv" value="sun.awt.Win32GraphicsEnvironment" />
    <property name="testsuite" value="testSuite" />
    <property name="java.ext.dirs" value="C:\Archivos de programa\Java\jdk1.6.0_11\jre\lib\ext;C:\WINDOWS\Sun\Java\lib\ext" />
    <property name="controlJuegoVista.dir" value="controlDelJuego/vista/" />
    <property name="user.dir" value="C:\Documents and Settings\Administrador\Escritorio\Nuevo Tp Algo3 29-11-08\lospooglins" />
    <property name="maintestclass" value="SuiteTest" />
    <property name="line.separator" value="
" />
    <property name="java.vm.name" value="Java HotSpot(TM) Client VM" />
    <property name="basedir" value="C:\Documents and Settings\Administrador\Escritorio\Nuevo Tp Algo3 29-11-08\lospooglins" />
    <property name="junit.home" value="C:\Documents and Settings\Administrador\Escritorio\Nuevo Tp Algo3 29-11-08\lospooglins\lib\junit.jar" />
    <property name="ant.java.version" value="1.6" />
    <property name="ant.core.lib" value="C:\Archivos de programa\eclipse\plugins\org.apache.ant_1.7.0.v200803061910\lib\ant.jar" />
    <property name="junitreportes.dir" value="C:\Documents and Settings\Administrador\Escritorio\Nuevo Tp Algo3 29-11-08\lospooglins\reportes" />
    <property name="file.encoding" value="Cp1252" />
    <property name="vista.dir" value="src/vista/" />
    <property name="java.specification.version" value="1.6" />
  </properties>
  <testcase classname="FuegoTest" name="testAccionarFuego" time="0.016" />
  <testcase classname="HieloTest" name="testAccionarTerrenoPersonaje" time="0.0" />
  <testcase classname="HieloTest" name="testAccionarTerrenoPersonajeNivel" time="0.0" />
  <testcase classname="PlatilloTest" name="testUtilizarConParacaidas" time="0.0" />
  <testcase classname="PooglinTest" name="testPooglin" time="0.0" />
  <testcase classname="PooglinTest" name="testMoverHorizontal" time="0.0" />
  <testcase classname="PooglinTest" name="testMoverVertical" time="0.0" />
  <testcase classname="PooglinTest" name="testGetPosicionX" time="0.0" />
  <testcase classname="PooglinTest" name="testGetPosicionY" time="0.0" />
  <testcase classname="PooglinTest" name="testGetHabilidad" time="0.0" />
  <testcase classname="PooglinTest" name="testSetHabilidad" time="0.0" />
  <testcase classname="PooglinTest" name="testgetMatarse" time="0.0" />
  <testcase classname="VacioTest" name="testAccionarTerrenoProfundo" time="0.0" />
  <testcase classname="PuertaTest" name="testPuerta" time="0.0" />
  <testcase classname="PuertaTest" name="testGettersPuerta" time="0.0" />
  <testcase classname="CongelamientoTest" name="testUtilizarPersonaje" time="0.0" />
  <testcase classname="CongelamientoTest" name="testUtilizarTerreno" time="0.0" />
  <testcase classname="VelocidadTest" name="testCambiarDireccion" time="0.0" />
  <testcase classname="VelocidadTest" name="testModuloEnX" time="0.0" />
  <testcase classname="VelocidadTest" name="testModuloEnY" time="0.0" />
  <testcase classname="MorirTest" name="testUtilizarMorir" time="0.0" />
  <testcase classname="HabilidadesEnNivelTest" name="testCaidaConPlatillo" time="0.0" />
  <testcase classname="HabilidadesEnNivelTest" name="testCaidaSinPlatillo" time="0.0" />
  <testcase classname="HabilidadesEnNivelTest" name="testTaladro" time="0.016" />
  <testcase classname="HabilidadesEnNivelTest" name="testCongelarPooglin" time="0.0" />
  <testcase classname="HabilidadesEnNivelTest" name="testMatarPooglin" time="0.0" />
  <testcase classname="TerrenoEnNivelTest" name="testNivelConTierra" time="0.046" />
  <testcase classname="TerrenoEnNivelTest" name="testNivelConHielo" time="0.016" />
  <testcase classname="TerrenoEnNivelTest" name="testNivelConFuego" time="0.0" />
  <testcase classname="TerrenoEnNivelTest" name="testNivelGuardaXML" time="0.156" />
  <testcase classname="TerrenoEnNivelTest" name="testNivelCargaXML" time="0.172" />
  <testcase classname="TerrenoEnNivelTest" name="testNivelCargaSoloXML" time="0.125" />
  <testcase classname="TerrenoEnNivelTest" name="testManejar" time="0.0" />
  <testcase classname="TerrenoEnNivelTest" name="testRevisarNivel" time="0.0" />
  <testcase classname="TaladroTest" name="testUtilizarTaladro" time="0.0">
    <failure message="expected:&lt;false&gt; but was:&lt;true&gt;" type="junit.framework.AssertionFailedError">junit.framework.AssertionFailedError: expected:&lt;false&gt; but was:&lt;true&gt;
	at TaladroTest.testUtilizarTaladro(Unknown Source)
	at org.eclipse.ant.internal.ui.antsupport.EclipseDefaultExecutor.executeTargets(EclipseDefaultExecutor.java:32)
	at org.eclipse.ant.internal.ui.antsupport.InternalAntRunner.run(InternalAntRunner.java:423)
	at org.eclipse.ant.internal.ui.antsupport.InternalAntRunner.main(InternalAntRunner.java:137)
</failure>
  </testcase>
  <testcase classname="RayoLaserTest" name="testLanzarRayo" time="0.0" />
  <testcase classname="NivelTest" name="testRevisarNivel" time="0.016" />
  <testcase classname="AgujeroNegroTest" name="testAccionarTerreno" time="0.0" />
  <system-out><![CDATA[Saco elpooglin
Saco elpooglin
Saco elpooglin
Saco elpooglin
Saco elpooglin
Saco elpooglin
Saco elpooglin
Saco elpooglin
Saco elpooglin
Saco elpooglin
Saco elpooglin
Saco elpooglin
Saco elpooglin
Saco elpooglin
Saco elpooglin
Saco elpooglin
Saco elpooglin
Saco elpooglin
Saco elpooglin
Saco elpooglin
Saco elpooglin
Saco elpooglin
Saco elpooglin
Saco elpooglin
Saco elpooglin
Saco elpooglin
Saco elpooglin
Saco elpooglin
Saco elpooglin
Saco elpooglin
Saco elpooglin
Saco elpooglin
Saco elpooglin
Saco elpooglin
Saco elpooglin
Saco elpooglin
Saco elpooglin
Saco elpooglin
Saco elpooglin
Saco elpooglin
Saco elpooglin
Saco elpooglin
Saco elpooglin
Saco elpooglin
Saco elpooglin
Saco elpooglin
Saco elpooglin
Saco elpooglin
Saco elpooglin
Saco elpooglin
Saco elpooglin
Saco elpooglin
Saco elpooglin
Saco elpooglin
Saco elpooglin
Saco elpooglin
Saco elpooglin
Saco elpooglin
Saco elpooglin
Saco elpooglin
Saco elpooglin
Saco elpooglin
Saco elpooglin
Saco elpooglin
Saco elpooglin
Saco elpooglin
Saco elpooglin
Saco elpooglin
Saco elpooglin
Saco elpooglin
Saco elpooglin
Saco elpooglin
Saco elpooglin
Saco elpooglin
Saco elpooglin
Saco elpooglin
Saco elpooglin
Saco elpooglin
Saco elpooglin
Saco elpooglin
Saco elpooglin
Saco elpooglin
Saco elpooglin
Saco elpooglin
Saco elpooglin
Saco elpooglin
Saco elpooglin
Saco elpooglin
Saco elpooglin
Saco elpooglin
Saco elpooglin
Saco elpooglin
Saco elpooglin
Saco elpooglin
Saco elpooglin
Saco elpooglin
Saco elpooglin
Saco elpooglin
Saco elpooglin
Saco elpooglin
Saco elpooglin
Saco elpooglin
Saco elpooglin
Saco elpooglin
Saco elpooglin
Saco elpooglin
Saco elpooglin
Saco elpooglin
Saco elpooglin
Saco elpooglin
Saco elpooglin
Saco elpooglin
Saco elpooglin
Saco elpooglin
Saco elpooglin
Saco elpooglin
Saco elpooglin
Saco elpooglin
Saco elpooglin
Saco elpooglin
Saco elpooglin
Saco elpooglin
Saco elpooglin
Saco elpooglin
Saco elpooglin
Saco elpooglin
Saco elpooglin
Saco elpooglin
Saco elpooglin
Saco elpooglin
Saco elpooglin
Saco elpooglin
Saco elpooglin
Saco elpooglin
Saco elpooglin
Saco elpooglin
Saco elpooglin
Saco elpooglin
Saco elpooglin
Saco elpooglin
Saco elpooglin
Saco elpooglin
Saco elpooglin
Saco elpooglin
Saco elpooglin
Saco elpooglin
Saco elpooglin
Saco elpooglin
Saco elpooglin
Saco elpooglin
Saco elpooglin
Saco elpooglin
Saco elpooglin
Saco elpooglin
Saco elpooglin
Saco elpooglin
Saco elpooglin
Saco elpooglin
Saco elpooglin
Saco elpooglin
Saco elpooglin
Saco elpooglin
Saco elpooglin
Saco elpooglin
Saco elpooglin
Saco elpooglin
Saco elpooglin
Saco elpooglin
Saco elpooglin
Saco elpooglin
Saco elpooglin
Saco elpooglin
Saco elpooglin
Saco elpooglin
Saco elpooglin
Saco elpooglin
Saco elpooglin
Saco elpooglin
Saco elpooglin
Saco elpooglin
Saco elpooglin
Saco elpooglin
Saco elpooglin
Saco elpooglin
Saco elpooglin
Saco elpooglin
Saco elpooglin
Saco elpooglin
Saco elpooglin
Saco elpooglin
Saco elpooglin
Saco elpooglin
Saco elpooglin
Saco elpooglin
Saco elpooglin
Saco elpooglin
Saco elpooglin
Saco elpooglin
Saco elpooglin
Saco elpooglin
Saco elpooglin
Saco elpooglin
Saco elpooglin
Saco elpooglin
Saco elpooglin
Saco elpooglin
Saco elpooglin
Saco elpooglin
Saco elpooglin
Saco elpooglin
Saco elpooglin
Saco elpooglin
Saco elpooglin
Saco elpooglin
Saco elpooglin
Saco elpooglin
Saco elpooglin
Saco elpooglin
Saco elpooglin
Saco elpooglin
Saco elpooglin
Saco elpooglin
Saco elpooglin
Saco elpooglin
Saco elpooglin
Saco elpooglin
Saco elpooglin
Saco elpooglin
Saco elpooglin
Saco elpooglin
Saco elpooglin
Saco elpooglin
Saco elpooglin
Saco elpooglin
Saco elpooglin
Saco elpooglin
Saco elpooglin
Saco elpooglin
Saco elpooglin
Saco elpooglin
Saco elpooglin
Saco elpooglin
Saco elpooglin
Saco elpooglin
Saco elpooglin
Saco elpooglin
Saco elpooglin
Saco elpooglin
Saco elpooglin
Saco elpooglin
Saco elpooglin
Saco elpooglin
Saco elpooglin
Saco elpooglin
Saco elpooglin
Saco elpooglin
Saco elpooglin
Saco elpooglin
Saco elpooglin
Saco elpooglin
Saco elpooglin
Saco elpooglin
Saco elpooglin
Saco elpooglin
Saco elpooglin
Saco elpooglin
Saco elpooglin
Saco elpooglin
Saco elpooglin
Saco elpooglin
Saco elpooglin
Saco elpooglin
Saco elpooglin
Saco elpooglin
Saco elpooglin
Saco elpooglin
Saco elpooglin
Saco elpooglin
Saco elpooglin
Saco elpooglin
Saco elpooglin
Saco elpooglin
Saco elpooglin
Saco elpooglin
Saco elpooglin
Saco elpooglin
Saco elpooglin
Saco elpooglin
Saco elpooglin
Saco elpooglin
Saco elpooglin
Saco elpooglin
Saco elpooglin
Saco elpooglin
Saco elpooglin
Saco elpooglin
Saco elpooglin
Saco elpooglin
Saco elpooglin
Saco elpooglin
Saco elpooglin
Saco elpooglin
Saco elpooglin
Saco elpooglin
Saco elpooglin
Saco elpooglin
Saco elpooglin
Saco elpooglin
Saco elpooglin
Saco elpooglin
Saco elpooglin
Saco elpooglin
Saco elpooglin
Saco elpooglin
Saco elpooglin
Saco elpooglin
Saco elpooglin
Saco elpooglin
Saco elpooglin
Saco elpooglin
Saco elpooglin
Saco elpooglin
Saco elpooglin
Saco elpooglin
Saco elpooglin
Saco elpooglin
Saco elpooglin
Saco elpooglin
Saco elpooglin
Saco elpooglin
Saco elpooglin
Saco elpooglin
Saco elpooglin
Saco elpooglin
Saco elpooglin
Saco elpooglin
Saco elpooglin
Saco elpooglin
Saco elpooglin
Saco elpooglin
Saco elpooglin
Saco elpooglin
Saco elpooglin
Saco elpooglin
Saco elpooglin
Saco elpooglin
Saco elpooglin
Saco elpooglin
Saco elpooglin
Saco elpooglin
Saco elpooglin
Saco elpooglin
Saco elpooglin
Saco elpooglin
Saco elpooglin
Saco elpooglin
Saco elpooglin
Saco elpooglin
Saco elpooglin
Saco elpooglin
Saco elpooglin
Saco elpooglin
Saco elpooglin
Saco elpooglin
Saco elpooglin
Saco elpooglin
Saco elpooglin
Saco elpooglin
Saco elpooglin
Saco elpooglin
Saco elpooglin
Saco elpooglin
Saco elpooglin
Saco elpooglin
Saco elpooglin
Saco elpooglin
Saco elpooglin
Saco elpooglin
Saco elpooglin
Saco elpooglin
Saco elpooglin
Saco elpooglin
Saco elpooglin
Saco elpooglin
Saco elpooglin
Saco elpooglin
Saco elpooglin
Saco elpooglin
Saco elpooglin
Saco elpooglin
Saco elpooglin
Saco elpooglin
Saco elpooglin
Saco elpooglin
Saco elpooglin
Saco elpooglin
Saco elpooglin
Saco elpooglin
Saco elpooglin
Saco elpooglin
Saco elpooglin
Saco elpooglin
Saco elpooglin
Saco elpooglin
Saco elpooglin
Saco elpooglin
Saco elpooglin
Saco elpooglin
Saco elpooglin
Saco elpooglin
Saco elpooglin
Saco elpooglin
Saco elpooglin
Saco elpooglin
Saco elpooglin
Saco elpooglin
Saco elpooglin
Saco elpooglin
Saco elpooglin
Saco elpooglin
Saco elpooglin
Saco elpooglin
Saco elpooglin
Saco elpooglin
Saco elpooglin
Saco elpooglin
Saco elpooglin
Saco elpooglin
Saco elpooglin
Saco elpooglin
Saco elpooglin
Saco elpooglin
Saco elpooglin
Saco elpooglin
Saco elpooglin
Saco elpooglin
Saco elpooglin
Saco elpooglin
Saco elpooglin
Saco elpooglin
Saco elpooglin
Saco elpooglin
Saco elpooglin
Saco elpooglin
Saco elpooglin
Saco elpooglin
Saco elpooglin
Saco elpooglin
Saco elpooglin
Saco elpooglin
Saco elpooglin
Saco elpooglin
Saco elpooglin
Saco elpooglin
Saco elpooglin
Saco elpooglin
Saco elpooglin
Saco elpooglin
Saco elpooglin
Saco elpooglin
Saco elpooglin
Saco elpooglin
Saco elpooglin
Saco elpooglin
Saco elpooglin
Saco elpooglin
Saco elpooglin
Saco elpooglin
Saco elpooglin
Saco elpooglin
Saco elpooglin
Saco elpooglin
Saco elpooglin
Saco elpooglin
Saco elpooglin
Saco elpooglin
Saco elpooglin
Saco elpooglin
Saco elpooglin
Saco elpooglin
Saco elpooglin
Saco elpooglin
Saco elpooglin
Saco elpooglin
Saco elpooglin
Saco elpooglin
Saco elpooglin
Saco elpooglin
Saco elpooglin
Saco elpooglin
Saco elpooglin
Saco elpooglin
Saco elpooglin
Saco elpooglin
Saco elpooglin
Saco elpooglin
Saco elpooglin
Saco elpooglin
Saco elpooglin
Saco elpooglin
Saco elpooglin
Saco elpooglin
Saco elpooglin
Saco elpooglin
Saco elpooglin
Saco elpooglin
Saco elpooglin
Saco elpooglin
Saco elpooglin
Saco elpooglin
Saco elpooglin
Saco elpooglin
Saco elpooglin
Saco elpooglin
Saco elpooglin
Saco elpooglin
Saco elpooglin
Saco elpooglin
Saco elpooglin
Saco elpooglin
Saco elpooglin
Saco elpooglin
Saco elpooglin
Saco elpooglin
Saco elpooglin
Saco elpooglin
Saco elpooglin
Saco elpooglin
Saco elpooglin
Saco elpooglin
Saco elpooglin
Saco elpooglin
Saco elpooglin
Saco elpooglin
Saco elpooglin
Saco elpooglin
Saco elpooglin
Saco elpooglin
Saco elpooglin
Saco elpooglin
Saco elpooglin
Saco elpooglin
Saco elpooglin
Saco elpooglin
Saco elpooglin
Saco elpooglin
Saco elpooglin
Saco elpooglin
Saco elpooglin
Saco elpooglin
Saco elpooglin
Saco elpooglin
Saco elpooglin
Saco elpooglin
Saco elpooglin
Saco elpooglin
Saco elpooglin
Saco elpooglin
Saco elpooglin
Saco elpooglin
Saco elpooglin
Saco elpooglin
Saco elpooglin
Saco elpooglin
Saco elpooglin
Saco elpooglin
Saco elpooglin
Saco elpooglin
Saco elpooglin
Saco elpooglin
Saco elpooglin
Saco elpooglin
Saco elpooglin
Saco elpooglin
Saco elpooglin
Saco elpooglin
Saco elpooglin
Saco elpooglin
Saco elpooglin
Saco elpooglin
Saco elpooglin
Saco elpooglin
Saco elpooglin
Saco elpooglin
Saco elpooglin
Saco elpooglin
Saco elpooglin
Saco elpooglin
Saco elpooglin
Saco elpooglin
Saco elpooglin
Saco elpooglin
Saco elpooglin
Saco elpooglin
Saco elpooglin
Saco elpooglin
Saco elpooglin
Saco elpooglin
Saco elpooglin
Saco elpooglin
Saco elpooglin
Saco elpooglin
Saco elpooglin
Saco elpooglin
Saco elpooglin
Saco elpooglin
Saco elpooglin
Saco elpooglin
Saco elpooglin
Saco elpooglin
Saco elpooglin
Saco elpooglin
Saco elpooglin
Saco elpooglin
Saco elpooglin
Saco elpooglin
Saco elpooglin
Saco elpooglin
Saco elpooglin
Saco elpooglin
Saco elpooglin
Saco elpooglin
Saco elpooglin
Saco elpooglin
Saco elpooglin
Saco elpooglin
Saco elpooglin
Saco elpooglin
Saco elpooglin
Saco elpooglin
Saco elpooglin
Saco elpooglin
Saco elpooglin
Saco elpooglin
Saco elpooglin
Saco elpooglin
Saco elpooglin
Saco elpooglin
Saco elpooglin
Saco elpooglin
Saco elpooglin
Saco elpooglin
Saco elpooglin
Saco elpooglin
Saco elpooglin
Saco elpooglin
Saco elpooglin
Saco elpooglin
Saco elpooglin
Saco elpooglin
Saco elpooglin
Saco elpooglin
Saco elpooglin
Saco elpooglin
Saco elpooglin
Saco elpooglin
Saco elpooglin
Saco elpooglin
Saco elpooglin
Saco elpooglin
Saco elpooglin
Saco elpooglin
Saco elpooglin
Saco elpooglin
Saco elpooglin
Saco elpooglin
Saco elpooglin
Saco elpooglin
Saco elpooglin
Saco elpooglin
Saco elpooglin
Saco elpooglin
Saco elpooglin
Saco elpooglin
Saco elpooglin
Saco elpooglin
Saco elpooglin
Saco elpooglin
Saco elpooglin
Saco elpooglin
Saco elpooglin
Saco elpooglin
Saco elpooglin
Saco elpooglin
Saco elpooglin
Saco elpooglin
Saco elpooglin
Saco elpooglin
Saco elpooglin
Saco elpooglin
Saco elpooglin
Saco elpooglin
Saco elpooglin
Saco elpooglin
Saco elpooglin
Saco elpooglin
Saco elpooglin
Saco elpooglin
Saco elpooglin
Saco elpooglin
Saco elpooglin
Saco elpooglin
Saco elpooglin
Saco elpooglin
Saco elpooglin
Saco elpooglin
Saco elpooglin
Saco elpooglin
Saco elpooglin
Saco elpooglin
Saco elpooglin
Saco elpooglin
Saco elpooglin
Saco elpooglin
Saco elpooglin
Saco elpooglin
Saco elpooglin
Saco elpooglin
Saco elpooglin
Saco elpooglin
Saco elpooglin
Saco elpooglin
Saco elpooglin
Saco elpooglin
Saco elpooglin
Saco elpooglin
Saco elpooglin
Saco elpooglin
Saco elpooglin
Saco elpooglin
Saco elpooglin
Saco elpooglin
Saco elpooglin
Saco elpooglin
Saco elpooglin
Saco elpooglin
Saco elpooglin
Saco elpooglin
Saco elpooglin
Saco elpooglin
Saco elpooglin
Saco elpooglin
Saco elpooglin
Saco elpooglin
Saco elpooglin
Saco elpooglin
Saco elpooglin
Saco elpooglin
Saco elpooglin
Saco elpooglin
Saco elpooglin
Saco elpooglin
Saco elpooglin
Saco elpooglin
Saco elpooglin
Saco elpooglin
Saco elpooglin
Saco elpooglin
Saco elpooglin
Saco elpooglin
Saco elpooglin
Saco elpooglin
Saco elpooglin
Saco elpooglin
Saco elpooglin
Saco elpooglin
Saco elpooglin
Saco elpooglin
Saco elpooglin
Saco elpooglin
Saco elpooglin
Saco elpooglin
Saco elpooglin
Saco elpooglin
Saco elpooglin
Saco elpooglin
Saco elpooglin
Saco elpooglin
Saco elpooglin
Saco elpooglin
Saco elpooglin
Saco elpooglin
Saco elpooglin
Saco elpooglin
Saco elpooglin
Saco elpooglin
Saco elpooglin
Saco elpooglin
Saco elpooglin
Saco elpooglin
Saco elpooglin
Saco elpooglin
Saco elpooglin
Saco elpooglin
Saco elpooglin
Saco elpooglin
Saco elpooglin
Saco elpooglin
Saco elpooglin
Saco elpooglin
Saco elpooglin
Saco elpooglin
Saco elpooglin
Saco elpooglin
Saco elpooglin
Saco elpooglin
Saco elpooglin
Saco elpooglin
Saco elpooglin
Saco elpooglin
Saco elpooglin
Saco elpooglin
Saco elpooglin
Saco elpooglin
Saco elpooglin
Saco elpooglin
Saco elpooglin
Saco elpooglin
Saco elpooglin
Saco elpooglin
Saco elpooglin
Saco elpooglin
Saco elpooglin
Saco elpooglin
Saco elpooglin
Saco elpooglin
Saco elpooglin
Saco elpooglin
Saco elpooglin
Saco elpooglin
Saco elpooglin
Saco elpooglin
Saco elpooglin
Saco elpooglin
Saco elpooglin
Saco elpooglin
Saco elpooglin
Saco elpooglin
Saco elpooglin
Saco elpooglin
Saco elpooglin
Saco elpooglin
Saco elpooglin
Saco elpooglin
Saco elpooglin
Saco elpooglin
Saco elpooglin
Saco elpooglin
Saco elpooglin
Saco elpooglin
Saco elpooglin
Saco elpooglin
Saco elpooglin
Saco elpooglin
Saco elpooglin
Saco elpooglin
Saco elpooglin
Saco elpooglin
Saco elpooglin
Saco elpooglin
Saco elpooglin
Saco elpooglin
Saco elpooglin
Saco elpooglin
Saco elpooglin
Saco elpooglin
Saco elpooglin
Saco elpooglin
Saco elpooglin
Saco elpooglin
Saco elpooglin
Saco elpooglin
Saco elpooglin
Saco elpooglin
Saco elpooglin
Saco elpooglin
Saco elpooglin
Saco elpooglin
Saco elpooglin
Saco elpooglin
Saco elpooglin
Saco elpooglin
Saco elpooglin
Saco elpooglin
Saco elpooglin
Saco elpooglin
Saco elpooglin
Saco elpooglin
Saco elpooglin
Saco elpooglin
Saco elpooglin
Saco elpooglin
Saco elpooglin
Saco elpooglin
Saco elpooglin
Saco elpooglin
Saco elpooglin
Saco elpooglin
Saco elpooglin
Saco elpooglin
Saco elpooglin
Saco elpooglin
Saco elpooglin
Saco elpooglin
Saco elpooglin
Saco elpooglin
Saco elpooglin
Saco elpooglin
Saco elpooglin
Saco elpooglin
Saco elpooglin
Saco elpooglin
Saco elpooglin
Saco elpooglin
Saco elpooglin
Saco elpooglin
Saco elpooglin
Saco elpooglin
Saco elpooglin
Saco elpooglin
Saco elpooglin
Saco elpooglin
Saco elpooglin
Saco elpooglin
Saco elpooglin
Saco elpooglin
Saco elpooglin
Saco elpooglin
Saco elpooglin
Saco elpooglin
Saco elpooglin
Saco elpooglin
Saco elpooglin
Saco elpooglin
Saco elpooglin
Saco elpooglin
Saco elpooglin
Saco elpooglin
Saco elpooglin
Saco elpooglin
Saco elpooglin
Saco elpooglin
Saco elpooglin
Saco elpooglin
Saco elpooglin
Saco elpooglin
Saco elpooglin
Saco elpooglin
Saco elpooglin
Saco elpooglin
Saco elpooglin
Saco elpooglin
Saco elpooglin
Saco elpooglin
Saco elpooglin
Saco elpooglin
Saco elpooglin
Saco elpooglin
Saco elpooglin
Saco elpooglin
Saco elpooglin
Saco elpooglin
Saco elpooglin
Saco elpooglin
Saco elpooglin
Saco elpooglin
Saco elpooglin
Saco elpooglin
Saco elpooglin
Saco elpooglin
Saco elpooglin
Saco elpooglin
Saco elpooglin
Saco elpooglin
Saco elpooglin
Saco elpooglin
Saco elpooglin
Saco elpooglin
Saco elpooglin
Saco elpooglin
Saco elpooglin
Saco elpooglin
Saco elpooglin
Saco elpooglin
Saco elpooglin
Saco elpooglin
Saco elpooglin
Saco elpooglin
Saco elpooglin
Saco elpooglin
Saco elpooglin
Saco elpooglin
Saco elpooglin
Saco elpooglin
Saco elpooglin
Saco elpooglin
Saco elpooglin
Saco elpooglin
Saco elpooglin
Saco elpooglin
Saco elpooglin
Saco elpooglin
Saco elpooglin
Saco elpooglin
Saco elpooglin
Saco elpooglin
Saco elpooglin
Saco elpooglin
Saco elpooglin
Saco elpooglin
Saco elpooglin
Saco elpooglin
Saco elpooglin
Saco elpooglin
Saco elpooglin
Saco elpooglin
Saco elpooglin
Saco elpooglin
Saco elpooglin
Saco elpooglin
Saco elpooglin
Saco elpooglin
Saco elpooglin
Saco elpooglin
Saco elpooglin
Saco elpooglin
Saco elpooglin
Saco elpooglin
Saco elpooglin
Saco elpooglin
Saco elpooglin
Saco elpooglin
Saco elpooglin
Saco elpooglin
Saco elpooglin
Saco elpooglin
Saco elpooglin
Saco elpooglin
Saco elpooglin
Saco elpooglin
Saco elpooglin
Saco elpooglin
Saco elpooglin
Saco elpooglin
Saco elpooglin
Saco elpooglin
Saco elpooglin
Saco elpooglin
Saco elpooglin
Saco elpooglin
Saco elpooglin
Saco elpooglin
Saco elpooglin
Saco elpooglin
Saco elpooglin
Saco elpooglin
Saco elpooglin
Saco elpooglin
Saco elpooglin
Saco elpooglin
Saco elpooglin
Saco elpooglin
Saco elpooglin
Saco elpooglin
Saco elpooglin
Saco elpooglin
Saco elpooglin
Saco elpooglin
Saco elpooglin
Saco elpooglin
Saco elpooglin
Saco elpooglin
Saco elpooglin
Saco elpooglin
Saco elpooglin
Saco elpooglin
Saco elpooglin
Saco elpooglin
Saco elpooglin
Saco elpooglin
Saco elpooglin
Saco elpooglin
Saco elpooglin
Saco elpooglin
Saco elpooglin
Saco elpooglin
Saco elpooglin
Saco elpooglin
Saco elpooglin
Saco elpooglin
Saco elpooglin
Saco elpooglin
Saco elpooglin
Saco elpooglin
Saco elpooglin
Saco elpooglin
Saco elpooglin
Saco elpooglin
Saco elpooglin
Saco elpooglin
Saco elpooglin
Saco elpooglin
Saco elpooglin
Saco elpooglin
Saco elpooglin
Saco elpooglin
Saco elpooglin
Saco elpooglin
Saco elpooglin
Saco elpooglin
Saco elpooglin
Saco elpooglin
Saco elpooglin
Saco elpooglin
Saco elpooglin
Saco elpooglin
Saco elpooglin
Saco elpooglin
Saco elpooglin
Saco elpooglin
Saco elpooglin
Saco elpooglin
Saco elpooglin
Saco elpooglin
Saco elpooglin
Saco elpooglin
Saco elpooglin
Saco elpooglin
Saco elpooglin
Saco elpooglin
Saco elpooglin
Saco elpooglin
Saco elpooglin
Saco elpooglin
Saco elpooglin
Saco elpooglin
Saco elpooglin
Saco elpooglin
Saco elpooglin
Saco elpooglin
Saco elpooglin
Saco elpooglin
Saco elpooglin
Saco elpooglin
Saco elpooglin
Saco elpooglin
Saco elpooglin
Saco elpooglin
Saco elpooglin
Saco elpooglin
Saco elpooglin
Saco elpooglin
Saco elpooglin
Saco elpooglin
Saco elpooglin
Saco elpooglin
Saco elpooglin
Saco elpooglin
Saco elpooglin
Saco elpooglin
Saco elpooglin
Saco elpooglin
Saco elpooglin
Saco elpooglin
Saco elpooglin
Saco elpooglin
Saco elpooglin
Saco elpooglin
Saco elpooglin
Saco elpooglin
Saco elpooglin
Saco elpooglin
Saco elpooglin
Saco elpooglin
Saco elpooglin
Saco elpooglin
Saco elpooglin
Saco elpooglin
Saco elpooglin
Saco elpooglin
Saco elpooglin
Saco elpooglin
Saco elpooglin
Saco elpooglin
Saco elpooglin
Saco elpooglin
Saco elpooglin
Saco elpooglin
Saco elpooglin
Saco elpooglin
Saco elpooglin
Saco elpooglin
Saco elpooglin
Saco elpooglin
Saco elpooglin
Saco elpooglin
Saco elpooglin
Saco elpooglin
Saco elpooglin
Saco elpooglin
Saco elpooglin
Saco elpooglin
Saco elpooglin
Saco elpooglin
Saco elpooglin
Saco elpooglin
Saco elpooglin
Saco elpooglin
Saco elpooglin
Saco elpooglin
Saco elpooglin
Saco elpooglin
Saco elpooglin
Saco elpooglin
Saco elpooglin
Saco elpooglin
Saco elpooglin
Saco elpooglin
Saco elpooglin
Saco elpooglin
Saco elpooglin
Saco elpooglin
Saco elpooglin
Saco elpooglin
Saco elpooglin
Saco elpooglin
Saco elpooglin
Saco elpooglin
Saco elpooglin
Saco elpooglin
Saco elpooglin
Saco elpooglin
Saco elpooglin
Saco elpooglin
Saco elpooglin
Saco elpooglin
Saco elpooglin
Saco elpooglin
Saco elpooglin
Saco elpooglin
Saco elpooglin
Saco elpooglin
Saco elpooglin
Saco elpooglin
Saco elpooglin
Saco elpooglin
Saco elpooglin
Saco elpooglin
Saco elpooglin
Saco elpooglin
Saco elpooglin
Saco elpooglin
Saco elpooglin
Saco elpooglin
Saco elpooglin
Saco elpooglin
Saco elpooglin
Saco elpooglin
Saco elpooglin
Saco elpooglin
Saco elpooglin
Saco elpooglin
Saco elpooglin
Saco elpooglin
Saco elpooglin
Saco elpooglin
Saco elpooglin
Saco elpooglin
Saco elpooglin
Saco elpooglin
Saco elpooglin
Saco elpooglin
Saco elpooglin
Saco elpooglin
Saco elpooglin
Saco elpooglin
Saco elpooglin
Saco elpooglin
Saco elpooglin
Saco elpooglin
Saco elpooglin
Saco elpooglin
Saco elpooglin
Saco elpooglin
Saco elpooglin
Saco elpooglin
Saco elpooglin
Saco elpooglin
Saco elpooglin
Saco elpooglin
Saco elpooglin
Saco elpooglin
Saco elpooglin
Saco elpooglin
Saco elpooglin
Saco elpooglin
Saco elpooglin
Saco elpooglin
Saco elpooglin
Saco elpooglin
Saco elpooglin
Saco elpooglin
Saco elpooglin
Saco elpooglin
Saco elpooglin
Saco elpooglin
Saco elpooglin
Saco elpooglin
Saco elpooglin
Saco elpooglin
Saco elpooglin
Saco elpooglin
Saco elpooglin
Saco elpooglin
Saco elpooglin
Saco elpooglin
Saco elpooglin
Saco elpooglin
Saco elpooglin
Saco elpooglin
Saco elpooglin
Saco elpooglin
Saco elpooglin
Saco elpooglin
Saco elpooglin
Saco elpooglin
Saco elpooglin
Saco elpooglin
Saco elpooglin
Saco elpooglin
Saco elpooglin
Saco elpooglin
Saco elpooglin
Saco elpooglin
Saco elpooglin
Saco elpooglin
Saco elpooglin
Saco elpooglin
Saco elpooglin
Saco elpooglin
Saco elpooglin
Saco elpooglin
Saco elpooglin
Saco elpooglin
Saco elpooglin
Saco elpooglin
Saco elpooglin
Saco elpooglin
Saco elpooglin
Saco elpooglin
Saco elpooglin
Saco elpooglin
Saco elpooglin
Saco elpooglin
Saco elpooglin
Saco elpooglin
Saco elpooglin
Saco elpooglin
Saco elpooglin
Saco elpooglin
Saco elpooglin
Saco elpooglin
Saco elpooglin
Saco elpooglin
Saco elpooglin
Saco elpooglin
Saco elpooglin
Saco elpooglin
Saco elpooglin
Saco elpooglin
Saco elpooglin
Saco elpooglin
Saco elpooglin
Saco elpooglin
Saco elpooglin
Saco elpooglin
Saco elpooglin
Saco elpooglin
Saco elpooglin
Saco elpooglin
Saco elpooglin
Saco elpooglin
Saco elpooglin
Saco elpooglin
Saco elpooglin
Saco elpooglin
Saco elpooglin
Saco elpooglin
Saco elpooglin
Saco elpooglin
Saco elpooglin
Saco elpooglin
Saco elpooglin
Saco elpooglin
Saco elpooglin
Saco elpooglin
Saco elpooglin
Saco elpooglin
Saco elpooglin
Saco elpooglin
Saco elpooglin
Saco elpooglin
Saco elpooglin
Saco elpooglin
Saco elpooglin
Saco elpooglin
Saco elpooglin
Saco elpooglin
Saco elpooglin
Saco elpooglin
Saco elpooglin
Saco elpooglin
Saco elpooglin
Saco elpooglin
Saco elpooglin
Saco elpooglin
Saco elpooglin
Saco elpooglin
Saco elpooglin
Saco elpooglin
Saco elpooglin
Saco elpooglin
Saco elpooglin
Saco elpooglin
Saco elpooglin
Saco elpooglin
Saco elpooglin
Saco elpooglin
Saco elpooglin
Saco elpooglin
Saco elpooglin
Saco elpooglin
Saco elpooglin
Saco elpooglin
Saco elpooglin
Saco elpooglin
Saco elpooglin
Saco elpooglin
Saco elpooglin
Saco elpooglin
Saco elpooglin
Saco elpooglin
Saco elpooglin
Saco elpooglin
Saco elpooglin
Saco elpooglin
Saco elpooglin
Saco elpooglin
Saco elpooglin
Saco elpooglin
Saco elpooglin
Saco elpooglin
Saco elpooglin
Saco elpooglin
Saco elpooglin
Saco elpooglin
Saco elpooglin
Saco elpooglin
Saco elpooglin
Saco elpooglin
Saco elpooglin
Saco elpooglin
Saco elpooglin
Saco elpooglin
Saco elpooglin
Saco elpooglin
Saco elpooglin
Saco elpooglin
Saco elpooglin
Saco elpooglin
Saco elpooglin
Saco elpooglin
Saco elpooglin
Saco elpooglin
Saco elpooglin
Saco elpooglin
Saco elpooglin
Saco elpooglin
Saco elpooglin
Saco elpooglin
Saco elpooglin
Saco elpooglin
Saco elpooglin
Saco elpooglin
Saco elpooglin
Saco elpooglin
Saco elpooglin
Saco elpooglin
Saco elpooglin
Saco elpooglin
Saco elpooglin
Saco elpooglin
Saco elpooglin
Saco elpooglin
Saco elpooglin
Saco elpooglin
Saco elpooglin
Saco elpooglin
Saco elpooglin
Saco elpooglin
Saco elpooglin
Saco elpooglin
Saco elpooglin
Saco elpooglin
Saco elpooglin
Saco elpooglin
Saco elpooglin
Saco elpooglin
Saco elpooglin
Saco elpooglin
Saco elpooglin
Saco elpooglin
Saco elpooglin
Saco elpooglin
Saco elpooglin
Saco elpooglin
Saco elpooglin
Saco elpooglin
Saco elpooglin
Saco elpooglin
Saco elpooglin
Saco elpooglin
Saco elpooglin
Saco elpooglin
Saco elpooglin
Saco elpooglin
Saco elpooglin
Saco elpooglin
Saco elpooglin
Saco elpooglin
Saco elpooglin
Saco elpooglin
Saco elpooglin
Saco elpooglin
Saco elpooglin
Saco elpooglin
Saco elpooglin
Saco elpooglin
Saco elpooglin
Saco elpooglin
Saco elpooglin
Saco elpooglin
Saco elpooglin
Saco elpooglin
Saco elpooglin
Saco elpooglin
Saco elpooglin
Saco elpooglin
Saco elpooglin
Saco elpooglin
Saco elpooglin
Saco elpooglin
Saco elpooglin
Saco elpooglin
Saco elpooglin
Saco elpooglin
Saco elpooglin
Saco elpooglin
Saco elpooglin
Saco elpooglin
Saco elpooglin
Saco elpooglin
Saco elpooglin
Saco elpooglin
Saco elpooglin
Saco elpooglin
Saco elpooglin
Saco elpooglin
Saco elpooglin
Saco elpooglin
Saco elpooglin
Saco elpooglin
Saco elpooglin
Saco elpooglin
Saco elpooglin
Saco elpooglin
Saco elpooglin
Saco elpooglin
Saco elpooglin
Saco elpooglin
Saco elpooglin
Saco elpooglin
Saco elpooglin
Saco elpooglin
Saco elpooglin
Saco elpooglin
Saco elpooglin
Saco elpooglin
Saco elpooglin
Saco elpooglin
Saco elpooglin
Saco elpooglin
Saco elpooglin
Saco elpooglin
Saco elpooglin
Saco elpooglin
Saco elpooglin
Saco elpooglin
Saco elpooglin
Saco elpooglin
Saco elpooglin
Saco elpooglin
Saco elpooglin
Saco elpooglin
Saco elpooglin
Saco elpooglin
Saco elpooglin
Saco elpooglin
Saco elpooglin
Saco elpooglin
Saco elpooglin
Saco elpooglin
Saco elpooglin
Saco elpooglin
Saco elpooglin
Saco elpooglin
Saco elpooglin
Saco elpooglin
Saco elpooglin
Saco elpooglin
Saco elpooglin
Saco elpooglin
Saco elpooglin
Saco elpooglin
Saco elpooglin
Saco elpooglin
Saco elpooglin
Saco elpooglin
Saco elpooglin
Saco elpooglin
Saco elpooglin
Saco elpooglin
Saco elpooglin
Saco elpooglin
Saco elpooglin
Saco elpooglin
Saco elpooglin
Saco elpooglin
Saco elpooglin
Saco elpooglin
Saco elpooglin
Saco elpooglin
Saco elpooglin
Saco elpooglin
Saco elpooglin
Saco elpooglin
Saco elpooglin
Saco elpooglin
Saco elpooglin
Saco elpooglin
Saco elpooglin
Saco elpooglin
Saco elpooglin
Saco elpooglin
Saco elpooglin
Saco elpooglin
Saco elpooglin
Saco elpooglin
Saco elpooglin
Saco elpooglin
Saco elpooglin
Saco elpooglin
Saco elpooglin
Saco elpooglin
Saco elpooglin
Saco elpooglin
Saco elpooglin
Saco elpooglin
Saco elpooglin
Saco elpooglin
Saco elpooglin
Saco elpooglin
Saco elpooglin
Saco elpooglin
Saco elpooglin
Saco elpooglin
Saco elpooglin
Saco elpooglin
Saco elpooglin
Saco elpooglin
Saco elpooglin
Saco elpooglin
Saco elpooglin
Saco elpooglin
Saco elpooglin
Saco elpooglin
Saco elpooglin
Saco elpooglin
Saco elpooglin
Saco elpooglin
Saco elpooglin
Saco elpooglin
Saco elpooglin
Saco elpooglin
Saco elpooglin
Saco elpooglin
Saco elpooglin
Saco elpooglin
Saco elpooglin
Saco elpooglin
Saco elpooglin
Saco elpooglin
Saco elpooglin
Saco elpooglin
Saco elpooglin
Saco elpooglin
Saco elpooglin
Saco elpooglin
Saco elpooglin
Saco elpooglin
Saco elpooglin
Saco elpooglin
Saco elpooglin
Saco elpooglin
Saco elpooglin
Saco elpooglin
Saco elpooglin
Saco elpooglin
Saco elpooglin
Saco elpooglin
Saco elpooglin
Saco elpooglin
Saco elpooglin
Saco elpooglin
Saco elpooglin
Saco elpooglin
Saco elpooglin
Saco elpooglin
Saco elpooglin
Saco elpooglin
Saco elpooglin
Saco elpooglin
Saco elpooglin
Saco elpooglin
Saco elpooglin
Saco elpooglin
Saco elpooglin
Saco elpooglin
Saco elpooglin
Saco elpooglin
Saco elpooglin
Saco elpooglin
Saco elpooglin
Saco elpooglin
Saco elpooglin
Saco elpooglin
Saco elpooglin
Saco elpooglin
Saco elpooglin
Saco elpooglin
Saco elpooglin
Saco elpooglin
Saco elpooglin
Saco elpooglin
Saco elpooglin
Saco elpooglin
Saco elpooglin
Saco elpooglin
Saco elpooglin
Saco elpooglin
Saco elpooglin
Saco elpooglin
Saco elpooglin
Saco elpooglin
Saco elpooglin
Saco elpooglin
Saco elpooglin
Saco elpooglin
Saco elpooglin
Saco elpooglin
Saco elpooglin
Saco elpooglin
Saco elpooglin
Saco elpooglin
Saco elpooglin
Saco elpooglin
Saco elpooglin
Saco elpooglin
Saco elpooglin
Saco elpooglin
Saco elpooglin
Saco elpooglin
Saco elpooglin
Saco elpooglin
Saco elpooglin
Saco elpooglin
Saco elpooglin
Saco elpooglin
Saco elpooglin
Saco elpooglin
Saco elpooglin
Saco elpooglin
Saco elpooglin
Saco elpooglin
Saco elpooglin
Saco elpooglin
Saco elpooglin
Saco elpooglin
Saco elpooglin
Saco elpooglin
Saco elpooglin
Saco elpooglin
Saco elpooglin
Saco elpooglin
Saco elpooglin
Saco elpooglin
Saco elpooglin
Saco elpooglin
Saco elpooglin
Saco elpooglin
Saco elpooglin
Saco elpooglin
Saco elpooglin
Saco elpooglin
Saco elpooglin
Saco elpooglin
Saco elpooglin
Saco elpooglin
Saco elpooglin
Saco elpooglin
Saco elpooglin
Saco elpooglin
Saco elpooglin
Saco elpooglin
Saco elpooglin
Saco elpooglin
Saco elpooglin
Saco elpooglin
Saco elpooglin
Saco elpooglin
Saco elpooglin
Saco elpooglin
Saco elpooglin
Saco elpooglin
Saco elpooglin
Saco elpooglin
Saco elpooglin
Saco elpooglin
Saco elpooglin
Saco elpooglin
Saco elpooglin
Saco elpooglin
Saco elpooglin
Saco elpooglin
Saco elpooglin
Saco elpooglin
Saco elpooglin
Saco elpooglin
Saco elpooglin
Saco elpooglin
Saco elpooglin
Saco elpooglin
Saco elpooglin
Saco elpooglin
Saco elpooglin
Saco elpooglin
Saco elpooglin
Saco elpooglin
Saco elpooglin
Saco elpooglin
Saco elpooglin
Saco elpooglin
Saco elpooglin
Saco elpooglin
Saco elpooglin
Saco elpooglin
Saco elpooglin
Saco elpooglin
Saco elpooglin
Saco elpooglin
Saco elpooglin
Saco elpooglin
Saco elpooglin
Saco elpooglin
Saco elpooglin
Saco elpooglin
Saco elpooglin
Saco elpooglin
Saco elpooglin
Saco elpooglin
Saco elpooglin
Saco elpooglin
Saco elpooglin
Saco elpooglin
Saco elpooglin
Saco elpooglin
Saco elpooglin
Saco elpooglin
Saco elpooglin
Saco elpooglin
Saco elpooglin
Saco elpooglin
Saco elpooglin
Saco elpooglin
Saco elpooglin
Saco elpooglin
Saco elpooglin
Saco elpooglin
Saco elpooglin
Saco elpooglin
Saco elpooglin
Saco elpooglin
Saco elpooglin
Saco elpooglin
Saco elpooglin
Saco elpooglin
Saco elpooglin
Saco elpooglin
Saco elpooglin
Saco elpooglin
Saco elpooglin
Saco elpooglin
Saco elpooglin
Saco elpooglin
Saco elpooglin
Saco elpooglin
Saco elpooglin
Saco elpooglin
Saco elpooglin
Saco elpooglin
Saco elpooglin
Saco elpooglin
Saco elpooglin
Saco elpooglin
Saco elpooglin
Saco elpooglin
Saco elpooglin
Saco elpooglin
Saco elpooglin
Saco elpooglin
Saco elpooglin
Saco elpooglin
Saco elpooglin
Saco elpooglin
Saco elpooglin
Saco elpooglin
Saco elpooglin
Saco elpooglin
Saco elpooglin
Saco elpooglin
Saco elpooglin
Saco elpooglin
Saco elpooglin
Saco elpooglin
Saco elpooglin
Saco elpooglin
Saco elpooglin
Saco elpooglin
Saco elpooglin
Saco elpooglin
Saco elpooglin
Saco elpooglin
Saco elpooglin
Saco elpooglin
Saco elpooglin
Saco elpooglin
Saco elpooglin
Saco elpooglin
Saco elpooglin
Saco elpooglin
Saco elpooglin
Saco elpooglin
Saco elpooglin
Saco elpooglin
Saco elpooglin
Saco elpooglin
Saco elpooglin
Saco elpooglin
Saco elpooglin
Saco elpooglin
Saco elpooglin
Saco elpooglin
Saco elpooglin
Saco elpooglin
Saco elpooglin
Saco elpooglin
Saco elpooglin
Saco elpooglin
Saco elpooglin
Saco elpooglin
Saco elpooglin
Saco elpooglin
Saco elpooglin
Saco elpooglin
Saco elpooglin
Saco elpooglin
Saco elpooglin
Saco elpooglin
Saco elpooglin
Saco elpooglin
Saco elpooglin
Saco elpooglin
Saco elpooglin
Saco elpooglin
Saco elpooglin
Saco elpooglin
Saco elpooglin
Saco elpooglin
Saco elpooglin
Saco elpooglin
Saco elpooglin
Saco elpooglin
Saco elpooglin
Saco elpooglin
Saco elpooglin
Saco elpooglin
Saco elpooglin
Saco elpooglin
Saco elpooglin
Saco elpooglin
Saco elpooglin
Saco elpooglin
Saco elpooglin
Saco elpooglin
Saco elpooglin
Saco elpooglin
Saco elpooglin
Saco elpooglin
Saco elpooglin
Saco elpooglin
Saco elpooglin
Saco elpooglin
Saco elpooglin
Saco elpooglin
Saco elpooglin
Saco elpooglin
Saco elpooglin
Saco elpooglin
Saco elpooglin
Saco elpooglin
Saco elpooglin
Saco elpooglin
Saco elpooglin
Saco elpooglin
Saco elpooglin
Saco elpooglin
Saco elpooglin
Saco elpooglin
Saco elpooglin
Saco elpooglin
Saco elpooglin
Saco elpooglin
Saco elpooglin
Saco elpooglin
Saco elpooglin
Saco elpooglin
Saco elpooglin
Saco elpooglin
Saco elpooglin
Saco elpooglin
Saco elpooglin
Saco elpooglin
Saco elpooglin
Saco elpooglin
Saco elpooglin
Saco elpooglin
Saco elpooglin
Saco elpooglin
Saco elpooglin
Saco elpooglin
Saco elpooglin
Saco elpooglin
Saco elpooglin
Saco elpooglin
Saco elpooglin
Saco elpooglin
Saco elpooglin
Saco elpooglin
Saco elpooglin
Saco elpooglin
Saco elpooglin
Saco elpooglin
Saco elpooglin
Saco elpooglin
Saco elpooglin
Saco elpooglin
Saco elpooglin
Saco elpooglin
Saco elpooglin
Saco elpooglin
Saco elpooglin
Saco elpooglin
Saco elpooglin
Saco elpooglin
Saco elpooglin
Saco elpooglin
Saco elpooglin
Saco elpooglin
Saco elpooglin
Saco elpooglin
Saco elpooglin
Saco elpooglin
Saco elpooglin
Saco elpooglin
Saco elpooglin
Saco elpooglin
Saco elpooglin
Saco elpooglin
Saco elpooglin
Saco elpooglin
Saco elpooglin
Saco elpooglin
Saco elpooglin
Saco elpooglin
Saco elpooglin
Saco elpooglin
Saco elpooglin
Saco elpooglin
Saco elpooglin
Saco elpooglin
Saco elpooglin
Saco elpooglin
Saco elpooglin
Saco elpooglin
Saco elpooglin
Saco elpooglin
Saco elpooglin
Saco elpooglin
Saco elpooglin
Saco elpooglin
Saco elpooglin
Saco elpooglin
Saco elpooglin
Saco elpooglin
Saco elpooglin
Saco elpooglin
Saco elpooglin
Saco elpooglin
Saco elpooglin
Saco elpooglin
Saco elpooglin
Saco elpooglin
Saco elpooglin
Saco elpooglin
Saco elpooglin
Saco elpooglin
Saco elpooglin
Saco elpooglin
Saco elpooglin
Saco elpooglin
Saco elpooglin
Saco elpooglin
Saco elpooglin
Saco elpooglin
Saco elpooglin
Saco elpooglin
Saco elpooglin
Saco elpooglin
Saco elpooglin
Saco elpooglin
Saco elpooglin
Saco elpooglin
Saco elpooglin
Saco elpooglin
Saco elpooglin
Saco elpooglin
Saco elpooglin
Saco elpooglin
Saco elpooglin
Saco elpooglin
Saco elpooglin
Saco elpooglin
Saco elpooglin
Saco elpooglin
Saco elpooglin
Saco elpooglin
Saco elpooglin
Saco elpooglin
Saco elpooglin
Saco elpooglin
Saco elpooglin
Saco elpooglin
Saco elpooglin
Saco elpooglin
Saco elpooglin
Saco elpooglin
Saco elpooglin
Saco elpooglin
Saco elpooglin
Saco elpooglin
Saco elpooglin
Saco elpooglin
Saco elpooglin
Saco elpooglin
Saco elpooglin
Saco elpooglin
Saco elpooglin
Saco elpooglin
Saco elpooglin
Saco elpooglin
Saco elpooglin
Saco elpooglin
Saco elpooglin
Saco elpooglin
Saco elpooglin
Saco elpooglin
Saco elpooglin
Saco elpooglin
Saco elpooglin
Saco elpooglin
Saco elpooglin
Saco elpooglin
Saco elpooglin
Saco elpooglin
Saco elpooglin
Saco elpooglin
Saco elpooglin
Saco elpooglin
Saco elpooglin
Saco elpooglin
Saco elpooglin
Saco elpooglin
Saco elpooglin
Saco elpooglin
Saco elpooglin
Saco elpooglin
Saco elpooglin
Saco elpooglin
Saco elpooglin
Saco elpooglin
Saco elpooglin
Saco elpooglin
Saco elpooglin
Saco elpooglin
Saco elpooglin
Saco elpooglin
Saco elpooglin
Saco elpooglin
Saco elpooglin
Saco elpooglin
Saco elpooglin
Saco elpooglin
Saco elpooglin
Saco elpooglin
Saco elpooglin
Saco elpooglin
Saco elpooglin
Saco elpooglin
Saco elpooglin
Saco elpooglin
Saco elpooglin
Saco elpooglin
Saco elpooglin
Saco elpooglin
Saco elpooglin
Saco elpooglin
Saco elpooglin
Saco elpooglin
Saco elpooglin
Saco elpooglin
Saco elpooglin
Saco elpooglin
Saco elpooglin
Saco elpooglin
Saco elpooglin
Saco elpooglin
Saco elpooglin
Saco elpooglin
Saco elpooglin
Saco elpooglin
Saco elpooglin
Saco elpooglin
Saco elpooglin
Saco elpooglin
Saco elpooglin
Saco elpooglin
Saco elpooglin
Saco elpooglin
Saco elpooglin
Saco elpooglin
Saco elpooglin
Saco elpooglin
Saco elpooglin
Saco elpooglin
Saco elpooglin
Saco elpooglin
Saco elpooglin
Saco elpooglin
Saco elpooglin
Saco elpooglin
Saco elpooglin
Saco elpooglin
Saco elpooglin
Saco elpooglin
Saco elpooglin
Saco elpooglin
Saco elpooglin
Saco elpooglin
Saco elpooglin
Saco elpooglin
Saco elpooglin
Saco elpooglin
Saco elpooglin
Saco elpooglin
Saco elpooglin
Saco elpooglin
Saco elpooglin
Saco elpooglin
Saco elpooglin
Saco elpooglin
Saco elpooglin
Saco elpooglin
Saco elpooglin
Saco elpooglin
Saco elpooglin
Saco elpooglin
Saco elpooglin
Saco elpooglin
Saco elpooglin
Saco elpooglin
Saco elpooglin
Saco elpooglin
Saco elpooglin
Saco elpooglin
Saco elpooglin
Saco elpooglin
Saco elpooglin
Saco elpooglin
Saco elpooglin
Saco elpooglin
Saco elpooglin
Saco elpooglin
Saco elpooglin
Saco elpooglin
Saco elpooglin
Saco elpooglin
Saco elpooglin
Saco elpooglin
Saco elpooglin
Saco elpooglin
Saco elpooglin
Saco elpooglin
Saco elpooglin
Saco elpooglin
Saco elpooglin
Saco elpooglin
Saco elpooglin
Saco elpooglin
Saco elpooglin
Saco elpooglin
Saco elpooglin
Saco elpooglin
Saco elpooglin
Saco elpooglin
Saco elpooglin
Saco elpooglin
Saco elpooglin
Saco elpooglin
Saco elpooglin
Saco elpooglin
Saco elpooglin
Saco elpooglin
Saco elpooglin
Saco elpooglin
Saco elpooglin
Saco elpooglin
Saco elpooglin
Saco elpooglin
Saco elpooglin
Saco elpooglin
Saco elpooglin
Saco elpooglin
Saco elpooglin
Saco elpooglin
Saco elpooglin
Saco elpooglin
Saco elpooglin
Saco elpooglin
Saco elpooglin
Saco elpooglin
Saco elpooglin
Saco elpooglin
Saco elpooglin
Saco elpooglin
Saco elpooglin
Saco elpooglin
Saco elpooglin
Saco elpooglin
Saco elpooglin
Saco elpooglin
Saco elpooglin
Saco elpooglin
Saco elpooglin
Saco elpooglin
Saco elpooglin
Saco elpooglin
Saco elpooglin
Saco elpooglin
Saco elpooglin
Saco elpooglin
Saco elpooglin
Saco elpooglin
Saco elpooglin
Saco elpooglin
Saco elpooglin
Saco elpooglin
Saco elpooglin
Saco elpooglin
Saco elpooglin
Saco elpooglin
Saco elpooglin
Saco elpooglin
Saco elpooglin
Saco elpooglin
Saco elpooglin
Saco elpooglin
Saco elpooglin
Saco elpooglin
Saco elpooglin
Saco elpooglin
Saco elpooglin
Saco elpooglin
Saco elpooglin
Saco elpooglin
Saco elpooglin
Saco elpooglin
Saco elpooglin
Saco elpooglin
Saco elpooglin
Saco elpooglin
Saco elpooglin
Saco elpooglin
Saco elpooglin
Saco elpooglin
Saco elpooglin
Saco elpooglin
Saco elpooglin
Saco elpooglin
Saco elpooglin
Saco elpooglin
Saco elpooglin
Saco elpooglin
Saco elpooglin
Saco elpooglin
Saco elpooglin
Saco elpooglin
Saco elpooglin
Saco elpooglin
Saco elpooglin
Saco elpooglin
Saco elpooglin
Saco elpooglin
Saco elpooglin
Saco elpooglin
Saco elpooglin
Saco elpooglin
Saco elpooglin
Saco elpooglin
Saco elpooglin
Saco elpooglin
Saco elpooglin
Saco elpooglin
Saco elpooglin
Saco elpooglin
Saco elpooglin
Saco elpooglin
Saco elpooglin
Saco elpooglin
Saco elpooglin
Saco elpooglin
Saco elpooglin
Saco elpooglin
Saco elpooglin
Saco elpooglin
Saco elpooglin
Saco elpooglin
Saco elpooglin
Saco elpooglin
Saco elpooglin
Saco elpooglin
Saco elpooglin
Saco elpooglin
Saco elpooglin
Saco elpooglin
Saco elpooglin
Saco elpooglin
Saco elpooglin
Saco elpooglin
Saco elpooglin
Saco elpooglin
Saco elpooglin
Saco elpooglin
Saco elpooglin
Saco elpooglin
Saco elpooglin
Saco elpooglin
Saco elpooglin
Saco elpooglin
Saco elpooglin
Saco elpooglin
Saco elpooglin
Saco elpooglin
Saco elpooglin
Saco elpooglin
Saco elpooglin
Saco elpooglin
Saco elpooglin
Saco elpooglin
Saco elpooglin
Saco elpooglin
Saco elpooglin
Saco elpooglin
Saco elpooglin
Saco elpooglin
Saco elpooglin
Saco elpooglin
Saco elpooglin
Saco elpooglin
Saco elpooglin
Saco elpooglin
Saco elpooglin
Saco elpooglin
Saco elpooglin
Saco elpooglin
Saco elpooglin
Saco elpooglin
Saco elpooglin
Saco elpooglin
Saco elpooglin
Saco elpooglin
Saco elpooglin
Saco elpooglin
Saco elpooglin
Saco elpooglin
Saco elpooglin
Saco elpooglin
Saco elpooglin
Saco elpooglin
Saco elpooglin
Saco elpooglin
Saco elpooglin
Saco elpooglin
Saco elpooglin
Saco elpooglin
Saco elpooglin
Saco elpooglin
Saco elpooglin
Saco elpooglin
Saco elpooglin
Saco elpooglin
Saco elpooglin
Saco elpooglin
Saco elpooglin
Saco elpooglin
Saco elpooglin
Saco elpooglin
Saco elpooglin
Saco elpooglin
Saco elpooglin
Saco elpooglin
Saco elpooglin
Saco elpooglin
Saco elpooglin
Saco elpooglin
Saco elpooglin
Saco elpooglin
Saco elpooglin
Saco elpooglin
Saco elpooglin
Saco elpooglin
Saco elpooglin
Saco elpooglin
Saco elpooglin
Saco elpooglin
Saco elpooglin
Saco elpooglin
Saco elpooglin
Saco elpooglin
Saco elpooglin
Saco elpooglin
Saco elpooglin
Saco elpooglin
Saco elpooglin
Saco elpooglin
Saco elpooglin
Saco elpooglin
Saco elpooglin
Saco elpooglin
Saco elpooglin
Saco elpooglin
Saco elpooglin
Saco elpooglin
Saco elpooglin
Saco elpooglin
Saco elpooglin
Saco elpooglin
Saco elpooglin
Saco elpooglin
Saco elpooglin
Saco elpooglin
Saco elpooglin
Saco elpooglin
Saco elpooglin
Saco elpooglin
Saco elpooglin
Saco elpooglin
Saco elpooglin
Saco elpooglin
Saco elpooglin
Saco elpooglin
Saco elpooglin
Saco elpooglin
Saco elpooglin
Saco elpooglin
Saco elpooglin
Saco elpooglin
Saco elpooglin
Saco elpooglin
Saco elpooglin
Saco elpooglin
Saco elpooglin
Saco elpooglin
Saco elpooglin
Saco elpooglin
Saco elpooglin
Saco elpooglin
Saco elpooglin
Saco elpooglin
Saco elpooglin
Saco elpooglin
Saco elpooglin
Saco elpooglin
Saco elpooglin
Saco elpooglin
Saco elpooglin
Saco elpooglin
Saco elpooglin
Saco elpooglin
Saco elpooglin
Saco elpooglin
Saco elpooglin
Saco elpooglin
Saco elpooglin
Saco elpooglin
Saco elpooglin
Saco elpooglin
Saco elpooglin
Saco elpooglin
Saco elpooglin
Saco elpooglin
Saco elpooglin
Saco elpooglin
Saco elpooglin
Saco elpooglin
Saco elpooglin
Saco elpooglin
Saco elpooglin
Saco elpooglin
Saco elpooglin
Saco elpooglin
Saco elpooglin
Saco elpooglin
Saco elpooglin
Saco elpooglin
Saco elpooglin
Saco elpooglin
Saco elpooglin
Saco elpooglin
Saco elpooglin
Saco elpooglin
Saco elpooglin
Saco elpooglin
Saco elpooglin
Saco elpooglin
Saco elpooglin
Saco elpooglin
Saco elpooglin
Saco elpooglin
Saco elpooglin
Saco elpooglin
Saco elpooglin
Saco elpooglin
Saco elpooglin
Saco elpooglin
Saco elpooglin
Saco elpooglin
Saco elpooglin
Saco elpooglin
Saco elpooglin
Saco elpooglin
Saco elpooglin
Saco elpooglin
Saco elpooglin
Saco elpooglin
Saco elpooglin
Saco elpooglin
Saco elpooglin
Saco elpooglin
Saco elpooglin
Saco elpooglin
Saco elpooglin
Saco elpooglin
Saco elpooglin
Saco elpooglin
Saco elpooglin
Saco elpooglin
Saco elpooglin
Saco elpooglin
Saco elpooglin
Saco elpooglin
Saco elpooglin
Saco elpooglin
Saco elpooglin
Saco elpooglin
Saco elpooglin
Saco elpooglin
Saco elpooglin
Saco elpooglin
Saco elpooglin
Saco elpooglin
Saco elpooglin
Saco elpooglin
Saco elpooglin
Saco elpooglin
Saco elpooglin
Saco elpooglin
Saco elpooglin
Saco elpooglin
Saco elpooglin
Saco elpooglin
Saco elpooglin
Saco elpooglin
Saco elpooglin
Saco elpooglin
Saco elpooglin
Saco elpooglin
Saco elpooglin
Saco elpooglin
Saco elpooglin
Saco elpooglin
Saco elpooglin
Saco elpooglin
Saco elpooglin
Saco elpooglin
Saco elpooglin
Saco elpooglin
Saco elpooglin
Saco elpooglin
Saco elpooglin
Saco elpooglin
Saco elpooglin
Saco elpooglin
Saco elpooglin
Saco elpooglin
Saco elpooglin
Saco elpooglin
Saco elpooglin
Saco elpooglin
Saco elpooglin
Saco elpooglin
Saco elpooglin
Saco elpooglin
Saco elpooglin
Saco elpooglin
Saco elpooglin
Saco elpooglin
Saco elpooglin
Saco elpooglin
Saco elpooglin
Saco elpooglin
Saco elpooglin
Saco elpooglin
Saco elpooglin
Saco elpooglin
Saco elpooglin
Saco elpooglin
Saco elpooglin
Saco elpooglin
Saco elpooglin
Saco elpooglin
Saco elpooglin
Saco elpooglin
Saco elpooglin
Saco elpooglin
Saco elpooglin
Saco elpooglin
Saco elpooglin
Saco elpooglin
Saco elpooglin
Saco elpooglin
Saco elpooglin
Saco elpooglin
Saco elpooglin
Saco elpooglin
Saco elpooglin
Saco elpooglin
Saco elpooglin
Saco elpooglin
Saco elpooglin
Saco elpooglin
Saco elpooglin
Saco elpooglin
Saco elpooglin
Saco elpooglin
Saco elpooglin
Saco elpooglin
Saco elpooglin
Saco elpooglin
Saco elpooglin
Saco elpooglin
Saco elpooglin
Saco elpooglin
Saco elpooglin
Saco elpooglin
Saco elpooglin
Saco elpooglin
Saco elpooglin
Saco elpooglin
Saco elpooglin
Saco elpooglin
Saco elpooglin
Saco elpooglin
Saco elpooglin
Saco elpooglin
Saco elpooglin
Saco elpooglin
Saco elpooglin
Saco elpooglin
Saco elpooglin
Saco elpooglin
Saco elpooglin
Saco elpooglin
Saco elpooglin
Saco elpooglin
Saco elpooglin
Saco elpooglin
Saco elpooglin
Saco elpooglin
Saco elpooglin
Saco elpooglin
Saco elpooglin
Saco elpooglin
Saco elpooglin
Saco elpooglin
Saco elpooglin
Saco elpooglin
Saco elpooglin
Saco elpooglin
Saco elpooglin
Saco elpooglin
Saco elpooglin
Saco elpooglin
Saco elpooglin
Saco elpooglin
Saco elpooglin
Saco elpooglin
Saco elpooglin
Saco elpooglin
Saco elpooglin
Saco elpooglin
Saco elpooglin
Saco elpooglin
Saco elpooglin
Saco elpooglin
Saco elpooglin
Saco elpooglin
Saco elpooglin
Saco elpooglin
Saco elpooglin
Saco elpooglin
Saco elpooglin
Saco elpooglin
Saco elpooglin
Saco elpooglin
Saco elpooglin
Saco elpooglin
Saco elpooglin
Saco elpooglin
Saco elpooglin
Saco elpooglin
Saco elpooglin
Saco elpooglin
Saco elpooglin
Saco elpooglin
Saco elpooglin
Saco elpooglin
Saco elpooglin
Saco elpooglin
Saco elpooglin
Saco elpooglin
Saco elpooglin
Saco elpooglin
Saco elpooglin
Saco elpooglin
Saco elpooglin
Saco elpooglin
Saco elpooglin
Saco elpooglin
Saco elpooglin
Saco elpooglin
Saco elpooglin
Saco elpooglin
Saco elpooglin
Saco elpooglin
Saco elpooglin
Saco elpooglin
Saco elpooglin
Saco elpooglin
Saco elpooglin
Saco elpooglin
Saco elpooglin
Saco elpooglin
Saco elpooglin
Saco elpooglin
Saco elpooglin
Saco elpooglin
Saco elpooglin
Saco elpooglin
Saco elpooglin
Saco elpooglin
Saco elpooglin
Saco elpooglin
Saco elpooglin
Saco elpooglin
Saco elpooglin
Saco elpooglin
Saco elpooglin
Saco elpooglin
Saco elpooglin
Saco elpooglin
Saco elpooglin
Saco elpooglin
Saco elpooglin
Saco elpooglin
Saco elpooglin
Saco elpooglin
Saco elpooglin
Saco elpooglin
Saco elpooglin
Saco elpooglin
Saco elpooglin
Saco elpooglin
Saco elpooglin
Saco elpooglin
Saco elpooglin
Saco elpooglin
Saco elpooglin
Saco elpooglin
Saco elpooglin
Saco elpooglin
Saco elpooglin
Saco elpooglin
Saco elpooglin
Saco elpooglin
Saco elpooglin
Saco elpooglin
Saco elpooglin
Saco elpooglin
Saco elpooglin
Saco elpooglin
Saco elpooglin
Saco elpooglin
Saco elpooglin
Saco elpooglin
Saco elpooglin
Saco elpooglin
Saco elpooglin
Saco elpooglin
Saco elpooglin
Saco elpooglin
Saco elpooglin
Saco elpooglin
Saco elpooglin
Saco elpooglin
Saco elpooglin
Saco elpooglin
Saco elpooglin
Saco elpooglin
Saco elpooglin
Saco elpooglin
Saco elpooglin
Saco elpooglin
Saco elpooglin
Saco elpooglin
Saco elpooglin
Saco elpooglin
Saco elpooglin
Saco elpooglin
Saco elpooglin
Saco elpooglin
Saco elpooglin
Saco elpooglin
Saco elpooglin
Saco elpooglin
Saco elpooglin
Saco elpooglin
Saco elpooglin
Saco elpooglin
Saco elpooglin
Saco elpooglin
Saco elpooglin
Saco elpooglin
Saco elpooglin
Saco elpooglin
Saco elpooglin
Saco elpooglin
Saco elpooglin
Saco elpooglin
Saco elpooglin
Saco elpooglin
Saco elpooglin
Saco elpooglin
Saco elpooglin
Saco elpooglin
Saco elpooglin
Saco elpooglin
Saco elpooglin
Saco elpooglin
Saco elpooglin
Saco elpooglin
Saco elpooglin
Saco elpooglin
Saco elpooglin
Saco elpooglin
Saco elpooglin
Saco elpooglin
Saco elpooglin
Saco elpooglin
Saco elpooglin
Saco elpooglin
Saco elpooglin
Saco elpooglin
Saco elpooglin
Saco elpooglin
Saco elpooglin
Saco elpooglin
Saco elpooglin
Saco elpooglin
Saco elpooglin
Saco elpooglin
Saco elpooglin
Saco elpooglin
Saco elpooglin
Saco elpooglin
Saco elpooglin
Saco elpooglin
Saco elpooglin
Saco elpooglin
Saco elpooglin
Saco elpooglin
Saco elpooglin
Saco elpooglin
Saco elpooglin
Saco elpooglin
Saco elpooglin
Saco elpooglin
Saco elpooglin
Saco elpooglin
Saco elpooglin
Saco elpooglin
Saco elpooglin
Saco elpooglin
Saco elpooglin
Saco elpooglin
Saco elpooglin
Saco elpooglin
Saco elpooglin
Saco elpooglin
Saco elpooglin
Saco elpooglin
Saco elpooglin
Saco elpooglin
Saco elpooglin
Saco elpooglin
Saco elpooglin
Saco elpooglin
Saco elpooglin
Saco elpooglin
Saco elpooglin
Saco elpooglin
Saco elpooglin
Saco elpooglin
Saco elpooglin
Saco elpooglin
Saco elpooglin
Saco elpooglin
Saco elpooglin
Saco elpooglin
Saco elpooglin
Saco elpooglin
Saco elpooglin
Saco elpooglin
Saco elpooglin
Saco elpooglin
Saco elpooglin
Saco elpooglin
Saco elpooglin
Saco elpooglin
Saco elpooglin
Saco elpooglin
Saco elpooglin
Saco elpooglin
Saco elpooglin
Saco elpooglin
Saco elpooglin
Saco elpooglin
Saco elpooglin
Saco elpooglin
Saco elpooglin
Saco elpooglin
Saco elpooglin
Saco elpooglin
Saco elpooglin
Saco elpooglin
Saco elpooglin
Saco elpooglin
Saco elpooglin
Saco elpooglin
Saco elpooglin
Saco elpooglin
Saco elpooglin
Saco elpooglin
Saco elpooglin
Saco elpooglin
Saco elpooglin
Saco elpooglin
Saco elpooglin
Saco elpooglin
Saco elpooglin
Saco elpooglin
Saco elpooglin
Saco elpooglin
Saco elpooglin
Saco elpooglin
Saco elpooglin
Saco elpooglin
Saco elpooglin
Saco elpooglin
Saco elpooglin
Saco elpooglin
Saco elpooglin
Saco elpooglin
Saco elpooglin
Saco elpooglin
Saco elpooglin
Saco elpooglin
Saco elpooglin
Saco elpooglin
Saco elpooglin
Saco elpooglin
Saco elpooglin
Saco elpooglin
Saco elpooglin
Saco elpooglin
Saco elpooglin
Saco elpooglin
Saco elpooglin
Saco elpooglin
Saco elpooglin
Saco elpooglin
Saco elpooglin
Saco elpooglin
Saco elpooglin
Saco elpooglin
Saco elpooglin
Saco elpooglin
Saco elpooglin
Saco elpooglin
Saco elpooglin
Saco elpooglin
Saco elpooglin
Saco elpooglin
Saco elpooglin
Saco elpooglin
Saco elpooglin
Saco elpooglin
Saco elpooglin
Saco elpooglin
Saco elpooglin
Saco elpooglin
Saco elpooglin
Saco elpooglin
Saco elpooglin
Saco elpooglin
Saco elpooglin
Saco elpooglin
Saco elpooglin
Saco elpooglin
Saco elpooglin
Saco elpooglin
Saco elpooglin
Saco elpooglin
Saco elpooglin
Saco elpooglin
Saco elpooglin
Saco elpooglin
Saco elpooglin
Saco elpooglin
Saco elpooglin
Saco elpooglin
Saco elpooglin
Saco elpooglin
Saco elpooglin
Saco elpooglin
Saco elpooglin
Saco elpooglin
Saco elpooglin
Saco elpooglin
Saco elpooglin
Saco elpooglin
Saco elpooglin
Saco elpooglin
Saco elpooglin
Saco elpooglin
Saco elpooglin
Saco elpooglin
Saco elpooglin
Saco elpooglin
Saco elpooglin
Saco elpooglin
Saco elpooglin
Saco elpooglin
Saco elpooglin
Saco elpooglin
Saco elpooglin
Saco elpooglin
Saco elpooglin
Saco elpooglin
Saco elpooglin
Saco elpooglin
Saco elpooglin
Saco elpooglin
Saco elpooglin
Saco elpooglin
Saco elpooglin
Saco elpooglin
Saco elpooglin
Saco elpooglin
Saco elpooglin
Saco elpooglin
Saco elpooglin
Saco elpooglin
Saco elpooglin
Saco elpooglin
Saco elpooglin
Saco elpooglin
Saco elpooglin
Saco elpooglin
Saco elpooglin
Saco elpooglin
Saco elpooglin
Saco elpooglin
Saco elpooglin
Saco elpooglin
Saco elpooglin
Saco elpooglin
Saco elpooglin
Saco elpooglin
Saco elpooglin
Saco elpooglin
Saco elpooglin
Saco elpooglin
Saco elpooglin
Saco elpooglin
Saco elpooglin
Saco elpooglin
Saco elpooglin
Saco elpooglin
Saco elpooglin
Saco elpooglin
Saco elpooglin
Saco elpooglin
Saco elpooglin
Saco elpooglin
Saco elpooglin
Saco elpooglin
Saco elpooglin
Saco elpooglin
Saco elpooglin
Saco elpooglin
Saco elpooglin
Saco elpooglin
Saco elpooglin
Saco elpooglin
Saco elpooglin
Saco elpooglin
Saco elpooglin
Saco elpooglin
Saco elpooglin
Saco elpooglin
Saco elpooglin
Saco elpooglin
Saco elpooglin
Saco elpooglin
Saco elpooglin
Saco elpooglin
Saco elpooglin
Saco elpooglin
Saco elpooglin
Saco elpooglin
Saco elpooglin
Saco elpooglin
Saco elpooglin
Saco elpooglin
Saco elpooglin
Saco elpooglin
Saco elpooglin
Saco elpooglin
Saco elpooglin
Saco elpooglin
Saco elpooglin
Saco elpooglin
Saco elpooglin
Saco elpooglin
Saco elpooglin
Saco elpooglin
Saco elpooglin
Saco elpooglin
Saco elpooglin
Saco elpooglin
Saco elpooglin
Saco elpooglin
Saco elpooglin
Saco elpooglin
Saco elpooglin
Saco elpooglin
Saco elpooglin
Saco elpooglin
Saco elpooglin
Saco elpooglin
Saco elpooglin
Saco elpooglin
Saco elpooglin
Saco elpooglin
Saco elpooglin
Saco elpooglin
Saco elpooglin
Saco elpooglin
Saco elpooglin
Saco elpooglin
Saco elpooglin
Saco elpooglin
Saco elpooglin
Saco elpooglin
Saco elpooglin
Saco elpooglin
Saco elpooglin
Saco elpooglin
Saco elpooglin
Saco elpooglin
Saco elpooglin
Saco elpooglin
Saco elpooglin
Saco elpooglin
Saco elpooglin
Saco elpooglin
Saco elpooglin
Saco elpooglin
Saco elpooglin
Saco elpooglin
Saco elpooglin
Saco elpooglin
Saco elpooglin
Saco elpooglin
Saco elpooglin
Saco elpooglin
Saco elpooglin
Saco elpooglin
Saco elpooglin
Saco elpooglin
Saco elpooglin
Saco elpooglin
Saco elpooglin
Saco elpooglin
Saco elpooglin
Saco elpooglin
Saco elpooglin
Saco elpooglin
Saco elpooglin
Saco elpooglin
Saco elpooglin
Saco elpooglin
Saco elpooglin
Saco elpooglin
Saco elpooglin
Saco elpooglin
Saco elpooglin
Saco elpooglin
Saco elpooglin
Saco elpooglin
Saco elpooglin
Saco elpooglin
Saco elpooglin
Saco elpooglin
Saco elpooglin
Saco elpooglin
Saco elpooglin
Saco elpooglin
Saco elpooglin
Saco elpooglin
Saco elpooglin
Saco elpooglin
Saco elpooglin
Saco elpooglin
Saco elpooglin
Saco elpooglin
Saco elpooglin
Saco elpooglin
Saco elpooglin
Saco elpooglin
Saco elpooglin
Saco elpooglin
Saco elpooglin
Saco elpooglin
Saco elpooglin
Saco elpooglin
Saco elpooglin
Saco elpooglin
Saco elpooglin
Saco elpooglin
Saco elpooglin
Saco elpooglin
Saco elpooglin
Saco elpooglin
Saco elpooglin
Saco elpooglin
Saco elpooglin
Saco elpooglin
Saco elpooglin
Saco elpooglin
Saco elpooglin
Saco elpooglin
Saco elpooglin
Saco elpooglin
Saco elpooglin
Saco elpooglin
Saco elpooglin
Saco elpooglin
Saco elpooglin
Saco elpooglin
Saco elpooglin
Saco elpooglin
Saco elpooglin
Saco elpooglin
Saco elpooglin
Saco elpooglin
Saco elpooglin
Saco elpooglin
Saco elpooglin
Saco elpooglin
Saco elpooglin
Saco elpooglin
Saco elpooglin
Saco elpooglin
Saco elpooglin
Saco elpooglin
Saco elpooglin
Saco elpooglin
Saco elpooglin
Saco elpooglin
Saco elpooglin
Saco elpooglin
Saco elpooglin
Saco elpooglin
Saco elpooglin
Saco elpooglin
Saco elpooglin
Saco elpooglin
Saco elpooglin
Saco elpooglin
Saco elpooglin
Saco elpooglin
Saco elpooglin
Saco elpooglin
Saco elpooglin
Saco elpooglin
Saco elpooglin
Saco elpooglin
Saco elpooglin
Saco elpooglin
Saco elpooglin
Saco elpooglin
Saco elpooglin
Saco elpooglin
Saco elpooglin
Saco elpooglin
Saco elpooglin
Saco elpooglin
Saco elpooglin
Saco elpooglin
Saco elpooglin
Saco elpooglin
Saco elpooglin
Saco elpooglin
Saco elpooglin
Saco elpooglin
Saco elpooglin
Saco elpooglin
Saco elpooglin
Saco elpooglin
Saco elpooglin
Saco elpooglin
Saco elpooglin
Saco elpooglin
Saco elpooglin
Saco elpooglin
Saco elpooglin
Saco elpooglin
Saco elpooglin
Saco elpooglin
Saco elpooglin
Saco elpooglin
Saco elpooglin
Saco elpooglin
Saco elpooglin
Saco elpooglin
Saco elpooglin
Saco elpooglin
Saco elpooglin
Saco elpooglin
Saco elpooglin
Saco elpooglin
Saco elpooglin
Saco elpooglin
Saco elpooglin
Saco elpooglin
Saco elpooglin
Saco elpooglin
Saco elpooglin
Saco elpooglin
Saco elpooglin
Saco elpooglin
Saco elpooglin
Saco elpooglin
Saco elpooglin
Saco elpooglin
Saco elpooglin
Saco elpooglin
Saco elpooglin
Saco elpooglin
Saco elpooglin
Saco elpooglin
Saco elpooglin
Saco elpooglin
Saco elpooglin
Saco elpooglin
Saco elpooglin
Saco elpooglin
Saco elpooglin
Saco elpooglin
Saco elpooglin
Saco elpooglin
Saco elpooglin
Saco elpooglin
Saco elpooglin
Saco elpooglin
Saco elpooglin
Saco elpooglin
Saco elpooglin
Saco elpooglin
Saco elpooglin
Saco elpooglin
Saco elpooglin
Saco elpooglin
Saco elpooglin
Saco elpooglin
Saco elpooglin
Saco elpooglin
Saco elpooglin
Saco elpooglin
Saco elpooglin
Saco elpooglin
Saco elpooglin
Saco elpooglin
Saco elpooglin
Saco elpooglin
Saco elpooglin
Saco elpooglin
Saco elpooglin
Saco elpooglin
Saco elpooglin
Saco elpooglin
Saco elpooglin
Saco elpooglin
Saco elpooglin
Saco elpooglin
Saco elpooglin
Saco elpooglin
Saco elpooglin
Saco elpooglin
Saco elpooglin
Saco elpooglin
Saco elpooglin
Saco elpooglin
Saco elpooglin
Saco elpooglin
Saco elpooglin
Saco elpooglin
Saco elpooglin
Saco elpooglin
Saco elpooglin
Saco elpooglin
Saco elpooglin
Saco elpooglin
Saco elpooglin
Saco elpooglin
Saco elpooglin
Saco elpooglin
Saco elpooglin
Saco elpooglin
Saco elpooglin
Saco elpooglin
Saco elpooglin
Saco elpooglin
Saco elpooglin
Saco elpooglin
Saco elpooglin
Saco elpooglin
Saco elpooglin
Saco elpooglin
Saco elpooglin
Saco elpooglin
Saco elpooglin
Saco elpooglin
Saco elpooglin
Saco elpooglin
Saco elpooglin
Saco elpooglin
Saco elpooglin
Saco elpooglin
Saco elpooglin
Saco elpooglin
Saco elpooglin
Saco elpooglin
Saco elpooglin
Saco elpooglin
Saco elpooglin
Saving...
Saved!!!
FIN PRUEBA XML 1
Voy a guardar
Saving...
Saved!!!
Voy a mostrar lo cargado: 
Loading...
Loaded!!!
FIN DE LA PRUEBA
Loading...
Loaded!!!
FIN DE LA PRUEBA
]]></system-out>
  <system-err><![CDATA[]]></system-err>
</testsuite>
